<?xml version="1.0" encoding="UTF-8"?>
<!-- Generated by org.testng.reporters.JUnitReportReporter -->
<testsuite hostname="hp" failures="0" tests="1" name="Test_Classes4.Test_Class1" time="17.201" errors="0" timestamp="2023-05-02T12:44:49 IST" skipped="0">
  <testcase classname="Test_Classes4.Test_Class1" name="verifyusername2" time="17.201"/>
  <system-out/>
</testsuite> <!-- Test_Classes4.Test_Class1 -->
